<?xml version="1.0" encoding="UTF-8"?>
<coverage generated="1579816198879" clover="3.2.0">
  <project timestamp="1579816198879" name="All files">
    <metrics statements="17" coveredstatements="0" conditionals="6" coveredconditionals="0" methods="4" coveredmethods="0" elements="27" coveredelements="0" complexity="0" loc="17" ncloc="17" packages="1" files="1" classes="1"/>
    <file name="Card.tsx" path="/Users/cordobam/Sites/nativeExpo/src/ui/Card.tsx">
      <metrics statements="17" coveredstatements="0" conditionals="6" coveredconditionals="0" methods="4" coveredmethods="0"/>
      <line num="8" count="0" type="stmt"/>
      <line num="9" count="0" type="stmt"/>
      <line num="14" count="0" type="stmt"/>
      <line num="16" count="0" type="stmt"/>
      <line num="27" count="0" type="stmt"/>
      <line num="32" count="0" type="stmt"/>
      <line num="38" count="0" type="stmt"/>
      <line num="43" count="0" type="stmt"/>
      <line num="49" count="0" type="stmt"/>
      <line num="51" count="0" type="cond" truecount="0" falsecount="2"/>
      <line num="52" count="0" type="cond" truecount="0" falsecount="2"/>
      <line num="53" count="0" type="cond" truecount="0" falsecount="2"/>
      <line num="57" count="0" type="stmt"/>
      <line num="62" count="0" type="stmt"/>
      <line num="66" count="0" type="stmt"/>
      <line num="74" count="0" type="stmt"/>
      <line num="78" count="0" type="stmt"/>
    </file>
  </project>
</coverage>
