{"/Users/cordobam/Sites/nativeExpo/src/ui/Card.tsx": {"path":"/Users/cordobam/Sites/nativeExpo/src/ui/Card.tsx","statementMap":{"0":{"start":{"line":8,"column":52},"end":{"line":12,"column":1}},"1":{"start":{"line":9,"column":2},"end":{"line":11,"column":13}},"2":{"start":{"line":14,"column":12},"end":{"line":14,"column":21}},"3":{"start":{"line":16,"column":17},"end":{"line":25,"column":1}},"4":{"start":{"line":27,"column":18},"end":{"line":31,"column":1}},"5":{"start":{"line":32,"column":25},"end":{"line":36,"column":1}},"6":{"start":{"line":38,"column":25},"end":{"line":41,"column":1}},"7":{"start":{"line":43,"column":26},"end":{"line":47,"column":1}},"8":{"start":{"line":49,"column":17},"end":{"line":55,"column":1}},"9":{"start":{"line":51,"column":32},"end":{"line":51,"column":58}},"10":{"start":{"line":52,"column":23},"end":{"line":52,"column":50}},"11":{"start":{"line":53,"column":22},"end":{"line":53,"column":49}},"12":{"start":{"line":57,"column":22},"end":{"line":60,"column":1}},"13":{"start":{"line":62,"column":23},"end":{"line":64,"column":1}},"14":{"start":{"line":66,"column":21},"end":{"line":72,"column":1}},"15":{"start":{"line":74,"column":21},"end":{"line":77,"column":1}},"16":{"start":{"line":78,"column":21},"end":{"line":81,"column":1}}},"fnMap":{"0":{"name":"(anonymous_0)","decl":{"start":{"line":8,"column":52},"end":{"line":8,"column":53}},"loc":{"start":{"line":9,"column":2},"end":{"line":11,"column":13}},"line":9},"1":{"name":"(anonymous_1)","decl":{"start":{"line":51,"column":22},"end":{"line":51,"column":23}},"loc":{"start":{"line":51,"column":32},"end":{"line":51,"column":58}},"line":51},"2":{"name":"(anonymous_2)","decl":{"start":{"line":52,"column":13},"end":{"line":52,"column":14}},"loc":{"start":{"line":52,"column":23},"end":{"line":52,"column":50}},"line":52},"3":{"name":"(anonymous_3)","decl":{"start":{"line":53,"column":12},"end":{"line":53,"column":13}},"loc":{"start":{"line":53,"column":22},"end":{"line":53,"column":49}},"line":53}},"branchMap":{"0":{"loc":{"start":{"line":51,"column":32},"end":{"line":51,"column":58}},"type":"cond-expr","locations":[{"start":{"line":51,"column":49},"end":{"line":51,"column":54}},{"start":{"line":51,"column":57},"end":{"line":51,"column":58}}],"line":51},"1":{"loc":{"start":{"line":52,"column":23},"end":{"line":52,"column":50}},"type":"cond-expr","locations":[{"start":{"line":52,"column":40},"end":{"line":52,"column":46}},{"start":{"line":52,"column":49},"end":{"line":52,"column":50}}],"line":52},"2":{"loc":{"start":{"line":53,"column":22},"end":{"line":53,"column":49}},"type":"cond-expr","locations":[{"start":{"line":53,"column":39},"end":{"line":53,"column":45}},{"start":{"line":53,"column":48},"end":{"line":53,"column":49}}],"line":53}},"s":{"0":0,"1":0,"2":0,"3":0,"4":0,"5":0,"6":0,"7":0,"8":0,"9":0,"10":0,"11":0,"12":0,"13":0,"14":0,"15":0,"16":0},"f":{"0":0,"1":0,"2":0,"3":0},"b":{"0":[0,0],"1":[0,0],"2":[0,0]},"hash":"952cad44499106abfe78f2c9ad8456f2bc159fd1"}
}
